[0.121s] Invoking command in '/home/ductrung/bumperbot_ws/build/bumperbot_navigation': /usr/bin/cmake --build /home/ductrung/bumperbot_ws/build/bumperbot_navigation -- -j4 -l4
[0.210s] -- Found ament_cmake: 1.3.10 (/opt/ros/humble/share/ament_cmake/cmake)
[0.422s] -- Found rclcpp: 16.0.10 (/opt/ros/humble/share/rclcpp/cmake)
[0.528s] -- Found rosidl_generator_c: 3.1.5 (/opt/ros/humble/share/rosidl_generator_c/cmake)
[0.534s] -- Found rosidl_adapter: 3.1.5 (/opt/ros/humble/share/rosidl_adapter/cmake)
[0.542s] -- Found rosidl_generator_cpp: 3.1.5 (/opt/ros/humble/share/rosidl_generator_cpp/cmake)
[0.552s] -- Using all available rosidl_typesupport_c: rosidl_typesupport_fastrtps_c;rosidl_typesupport_introspection_c
[0.568s] -- Using all available rosidl_typesupport_cpp: rosidl_typesupport_fastrtps_cpp;rosidl_typesupport_introspection_cpp
[0.618s] -- Found rmw_implementation_cmake: 6.1.2 (/opt/ros/humble/share/rmw_implementation_cmake/cmake)
[0.620s] -- Found rmw_fastrtps_cpp: 6.2.7 (/opt/ros/humble/share/rmw_fastrtps_cpp/cmake)
[0.756s] -- Using RMW implementation 'rmw_fastrtps_cpp' as default
[0.816s] -- Found nav2_costmap_2d: 1.1.16 (/opt/ros/humble/share/nav2_costmap_2d/cmake)
[1.181s] -- Ensuring Eigen3 include directory is part of orocos-kdl CMake target
[1.553s] Error parsing '/home/ductrung/bumperbot_ws/src/bumperbot_navigation/package.xml':
[1.607s] Traceback (most recent call last):
[1.607s]   File "/usr/lib/python3/dist-packages/catkin_pkg/package.py", line 610, in parse_package_string
[1.607s]     root = dom.parseString(data)
[1.607s]   File "/usr/lib/python3.10/xml/dom/minidom.py", line 2000, in parseString
[2.458s]     return expatbuilder.parseString(string)
[2.458s]   File "/usr/lib/python3.10/xml/dom/expatbuilder.py", line 925, in parseString
[2.458s]     return builder.parseString(string)
[2.458s]   File "/usr/lib/python3.10/xml/dom/expatbuilder.py", line 223, in parseString
[2.469s]     parser.Parse(string, True)
[2.470s] xml.parsers.expat.ExpatError: no element found: line 29, column 0
[2.471s] 
[2.471s] During handling of the above exception, another exception occurred:
[2.477s] 
[2.477s] Traceback (most recent call last):
[2.477s]   File "/opt/ros/humble/share/ament_cmake_core/cmake/core/package_xml_2_cmake.py", line 150, in <module>
[2.477s]     main()
[2.478s]   File "/opt/ros/humble/share/ament_cmake_core/cmake/core/package_xml_2_cmake.py", line 53, in main
[2.478s]     raise e
[2.478s]   File "/opt/ros/humble/share/ament_cmake_core/cmake/core/package_xml_2_cmake.py", line 49, in main
[2.478s]     package = parse_package_string(
[2.479s]   File "/usr/lib/python3/dist-packages/catkin_pkg/package.py", line 612, in parse_package_string
[2.479s]     raise InvalidPackage('The manifest contains invalid XML:\n%s' % ex, filename)
[2.479s] catkin_pkg.package.InvalidPackage: Error(s) in package '/home/ductrung/bumperbot_ws/src/bumperbot_navigation/package.xml':
[2.479s] The manifest contains invalid XML:
[2.479s] no element found: line 29, column 0
[2.593s] [31mCMake Error at /opt/ros/humble/share/ament_cmake_core/cmake/core/ament_package_xml.cmake:95 (message):
[2.593s]   execute_process(/usr/bin/python3
[2.593s]   /opt/ros/humble/share/ament_cmake_core/cmake/core/package_xml_2_cmake.py
[2.593s]   /home/ductrung/bumperbot_ws/src/bumperbot_navigation/package.xml
[2.593s]   /home/ductrung/bumperbot_ws/build/bumperbot_navigation/ament_cmake_core/package.cmake)
[2.593s]   returned error code 1
[2.594s] Call Stack (most recent call first):
[2.594s]   /opt/ros/humble/share/ament_cmake_core/cmake/core/ament_package_xml.cmake:49 (_ament_package_xml)
[2.594s]   /opt/ros/humble/share/ament_cmake_python/cmake/ament_python_install_package.cmake:60 (ament_package_xml)
[2.594s]   /opt/ros/humble/share/ament_cmake_python/cmake/ament_python_install_package.cmake:39 (_ament_cmake_python_install_package)
[2.594s]   CMakeLists.txt:17 (ament_python_install_package)
[2.594s] 
[2.594s] [0m
[2.601s] -- Configuring incomplete, errors occurred!
[2.601s] See also "/home/ductrung/bumperbot_ws/build/bumperbot_navigation/CMakeFiles/CMakeOutput.log".
[2.606s] gmake: *** [Makefile:138: cmake_check_build_system] Error 1
[2.848s] Invoked command in '/home/ductrung/bumperbot_ws/build/bumperbot_navigation' returned '2': /usr/bin/cmake --build /home/ductrung/bumperbot_ws/build/bumperbot_navigation -- -j4 -l4
